<?xml version="1.0" encoding="UTF-8"?>
<!-- Generated by org.testng.reporters.JUnitReportReporter -->
<testsuite hostname="DESKTOP-564FQL3" failures="0" tests="2" name="Meesho_TestNG_Runner.Meesho_Sign_Up_Runner" time="10.989" errors="0" timestamp="2023-04-04T17:36:30 IST" skipped="0">
  <testcase classname="Meesho_TestNG_Runner.Meesho_Sign_Up_Runner" name="test1" time="10.908"/>
  <system-out/>
  <testcase classname="Meesho_TestNG_Runner.Meesho_Sign_Up_Runner" name="test2" time="0.081"/>
  <system-out/>
</testsuite> <!-- Meesho_TestNG_Runner.Meesho_Sign_Up_Runner -->
