<?xml version="1.0" encoding="UTF-8"?>
<!-- Generated by org.testng.reporters.JUnitReportReporter -->
<testsuite hostname="DESKTOP-564FQL3" failures="0" tests="2" name="Meesho_TestNG_Runner.Meesho_Shopping_Runner" time="17.533" errors="0" timestamp="2023-04-11T14:22:28 IST" skipped="0">
  <testcase classname="Meesho_TestNG_Runner.Meesho_Shopping_Runner" name="test1" time="16.159"/>
  <system-out/>
  <testcase classname="Meesho_TestNG_Runner.Meesho_Shopping_Runner" name="test2" time="1.374"/>
  <system-out/>
</testsuite> <!-- Meesho_TestNG_Runner.Meesho_Shopping_Runner -->
