<?xml version="1.0" encoding="UTF-8"?>
<!-- Generated by org.testng.reporters.JUnitReportReporter -->
<testsuite hostname="DESKTOP-564FQL3" failures="0" tests="2" name="Insta_Test_Package.Forgotp_SignUp" time="19.076" errors="0" timestamp="2023-03-29T16:00:50 IST" skipped="0">
  <testcase classname="Insta_Test_Package.Forgotp_SignUp" name="forgot_pass" time="7.789"/>
  <system-out/>
  <testcase classname="Insta_Test_Package.Forgotp_SignUp" name="forgot_pass_create" time="11.287"/>
  <system-out/>
</testsuite> <!-- Insta_Test_Package.Forgotp_SignUp -->
