<?xml version="1.0" encoding="UTF-8"?>
<!-- Generated by org.testng.reporters.JUnitReportReporter -->
<testsuite hostname="DESKTOP-564FQL3" failures="0" tests="2" name="RB_Test_Package.Data_Entry_TestNG" time="10.281" errors="0" timestamp="2023-03-16T21:15:32 IST" skipped="0">
  <testcase classname="RB_Test_Package.Data_Entry_TestNG" name="test1" time="4.095"/>
  <system-out/>
  <testcase classname="RB_Test_Package.Data_Entry_TestNG" name="test2" time="6.186"/>
  <system-out/>
</testsuite> <!-- RB_Test_Package.Data_Entry_TestNG -->
