<?xml version="1.0" encoding="UTF-8"?>
<!-- Generated by org.testng.reporters.JUnitReportReporter -->
<testsuite hostname="DESKTOP-564FQL3" failures="0" tests="2" name="Test_Package.Profile_and_Like" time="52.646" errors="0" timestamp="2023-03-16T18:45:21 IST" skipped="0">
  <testcase classname="Test_Package.Profile_and_Like" name="profile_bio" time="36.717"/>
  <system-out/>
  <testcase classname="Test_Package.Profile_and_Like" name="like_post" time="15.929"/>
  <system-out/>
</testsuite> <!-- Test_Package.Profile_and_Like -->
