<?xml version="1.0" encoding="UTF-8"?>
<!-- Generated by org.testng.reporters.JUnitReportReporter -->
<testsuite hostname="DESKTOP-564FQL3" failures="0" tests="2" name="Meesho_TestNG_Runner.Meesho_Sign_Up_Runner" time="0.000" errors="0" timestamp="2023-03-30T16:52:10 IST" skipped="2">
  <testcase classname="Meesho_TestNG_Runner.Meesho_Sign_Up_Runner" name="test1" time="0.000">
    <skipped/>
  </testcase> <!-- test1 -->
  <system-out/>
  <testcase classname="Meesho_TestNG_Runner.Meesho_Sign_Up_Runner" name="test2" time="0.000">
    <skipped/>
  </testcase> <!-- test2 -->
  <system-out/>
</testsuite> <!-- Meesho_TestNG_Runner.Meesho_Sign_Up_Runner -->
