<?xml version="1.0" encoding="UTF-8"?>
<!-- Generated by org.testng.reporters.JUnitReportReporter -->
<testsuite hostname="DESKTOP-564FQL3" failures="0" tests="4" name="RB_Package.Data_Entry_TestNG_runner" time="18.206" errors="0" timestamp="2023-04-11T16:00:01 IST" skipped="0">
  <testcase classname="RB_Package.Data_Entry_TestNG_runner" name="test1" time="5.209"/>
  <system-out/>
  <testcase classname="RB_Package.Data_Entry_TestNG_runner" name="test2" time="6.042"/>
  <system-out/>
  <testcase classname="RB_Package.Data_Entry_TestNG_runner" name="test3" time="0.768"/>
  <system-out/>
  <testcase classname="RB_Package.Data_Entry_TestNG_runner" name="test4" time="6.187"/>
  <system-out/>
</testsuite> <!-- RB_Package.Data_Entry_TestNG_runner -->
