<?xml version="1.0" encoding="UTF-8"?>
<!-- Generated by org.testng.reporters.JUnitReportReporter -->
<testsuite hostname="DESKTOP-564FQL3" failures="0" tests="4" name="TestNG_TestSuit.TestClass2" time="0.075" errors="0" timestamp="2023-03-29T17:26:50 IST" skipped="0">
  <testcase classname="TestNG_TestSuit.TestClass2" name="test1" time="0.026"/>
  <system-out/>
  <testcase classname="TestNG_TestSuit.TestClass2" name="test1" time="0.015"/>
  <system-out/>
  <testcase classname="TestNG_TestSuit.TestClass2" name="test2" time="0.011"/>
  <system-out/>
  <testcase classname="TestNG_TestSuit.TestClass2" name="test2" time="0.023"/>
  <system-out/>
</testsuite> <!-- TestNG_TestSuit.TestClass2 -->
