<?xml version="1.0" encoding="UTF-8"?>
<!-- Generated by org.testng.reporters.JUnitReportReporter -->
<testsuite hostname="DESKTOP-564FQL3" failures="0" tests="2" name="Test_Package.Test_Class" time="16.451" errors="0" timestamp="2023-03-16T16:11:07 IST" skipped="0">
  <testcase classname="Test_Package.Test_Class" name="forgot_pass_create" time="9.854"/>
  <system-out/>
  <testcase classname="Test_Package.Test_Class" name="forgot_pass" time="6.597"/>
  <system-out/>
</testsuite> <!-- Test_Package.Test_Class -->
